<?xml version="1.0" encoding="UTF-8"?>
<!-- Generated by org.testng.reporters.JUnitReportReporter -->
<testsuite hostname="pc-PC" name="com.andaily.zhishifenzi.infrastructure.mybatis.UserRepositoryMyBatisTest" tests="1" failures="0" timestamp="1 Nov 2016 06:15:16 GMT" time="54.510" errors="0">
  <testcase name="findOverviewUsers" time="54.510" classname="com.andaily.zhishifenzi.infrastructure.mybatis.UserRepositoryMyBatisTest"/>
</testsuite>
